2021-03-08 14:51:29[httpLog]{"method":"GET","url":"/","data":{},"startTime":"2021-03-08 14:51:29","endTime":"2021-03-08 14:51:29","dateLength":3}
2021-03-08 15:24:25[httpLog]{"method":"GET","url":"/home/new","data":{},"startTime":"2021-03-08 15:24:25","endTime":"2021-03-08 15:24:25","dateLength":4}
2021-03-08 15:27:42[httpLog]{"method":"GET","url":"/home/new","data":{},"startTime":"2021-03-08 15:27:41","endTime":"2021-03-08 15:27:42","dateLength":6}
2021-03-08 15:28:41[httpLog]{"method":"GET","url":"/home/new","data":{},"startTime":"2021-03-08 15:28:41","endTime":"2021-03-08 15:28:41","dateLength":6}
2021-03-08 15:31:50[httpLog]{"method":"GET","url":"/home/new","data":{},"startTime":"2021-03-08 15:31:50","endTime":"2021-03-08 15:31:50","dateLength":7}
2021-03-08 15:36:09[httpLog]{"method":"GET","url":"/home/new","data":{},"startTime":"2021-03-08 15:36:09","endTime":"2021-03-08 15:36:09","dateLength":6}
2021-03-08 15:36:17[httpLog]{"method":"GET","url":"/home/new","data":{},"startTime":"2021-03-08 15:36:17","endTime":"2021-03-08 15:36:17","dateLength":6}
2021-03-08 15:40:09[httpLog]{"method":"GET","url":"/home/context","data":{},"startTime":"2021-03-08 15:40:09","endTime":"2021-03-08 15:40:09","dateLength":4}
2021-03-08 15:42:55[httpLog]{"method":"GET","url":"/home/context","data":{},"startTime":"2021-03-08 15:42:55","endTime":"2021-03-08 15:42:55","dateLength":3}
2021-03-08 15:42:56[httpLog]{"method":"GET","url":"/home/context","data":{},"startTime":"2021-03-08 15:42:56","endTime":"2021-03-08 15:42:56","dateLength":0}
2021-03-08 15:44:26[httpLog]{"method":"GET","url":"/home/context","data":{},"startTime":"2021-03-08 15:44:26","endTime":"2021-03-08 15:44:26","dateLength":4}
2021-03-08 15:44:42[httpLog]{"method":"GET","url":"/home/context?id=100","data":{},"startTime":"2021-03-08 15:44:42","endTime":"2021-03-08 15:44:42","dateLength":2}
2021-03-08 15:45:30[httpLog]{"method":"POST","url":"/home/context","data":{"name":"yukiice","pwd":"123456"},"startTime":"2021-03-08 15:45:30","endTime":"2021-03-08 15:45:30","dateLength":0}
2021-03-08 15:46:22[httpLog]{"method":"POST","url":"/home/context","data":{"name":"yukiice","pwd":"123456"},"startTime":"2021-03-08 15:46:22","endTime":"2021-03-08 15:46:22","dateLength":6}
2021-03-08 16:25:57[httpLog]{"method":"GET","url":"/home/request","data":{},"startTime":"2021-03-08 16:25:57","endTime":"2021-03-08 16:25:57","dateLength":6}
2021-03-08 16:31:41[httpLog]{"method":"GET","url":"/home/response","data":{},"startTime":"2021-03-08 16:31:41","endTime":"2021-03-08 16:31:41","dateLength":5}
2021-03-08 16:32:50[httpLog]{"method":"GET","url":"/home/response","data":{},"startTime":"2021-03-08 16:32:50","endTime":"2021-03-08 16:32:50","dateLength":1}
2021-03-08 16:32:54[httpLog]{"method":"GET","url":"/home/response","data":{},"startTime":"2021-03-08 16:32:54","endTime":"2021-03-08 16:32:54","dateLength":0}
2021-03-08 17:12:50[httpLog]{"method":"GET","url":"/home/response","data":{},"startTime":"2021-03-08 17:12:50","endTime":"2021-03-08 17:12:50","dateLength":3}
2021-03-08 17:17:11[httpLog]{"method":"GET","url":"/home/response","data":{},"startTime":"2021-03-08 17:17:11","endTime":"2021-03-08 17:17:11","dateLength":4}
2021-03-08 17:17:39[httpLog]{"method":"GET","url":"/home/response","data":{},"startTime":"2021-03-08 17:17:39","endTime":"2021-03-08 17:17:39","dateLength":1}
2021-03-08 17:17:54[httpLog]{"method":"GET","url":"/home/request","data":{},"startTime":"2021-03-08 17:17:54","endTime":"2021-03-08 17:17:54","dateLength":3}
2021-03-08 17:17:57[httpLog]{"method":"GET","url":"/home/response","data":{},"startTime":"2021-03-08 17:17:57","endTime":"2021-03-08 17:17:57","dateLength":0}
2021-03-08 17:18:06[httpLog]{"method":"GET","url":"/home/user","data":{},"startTime":"2021-03-08 17:18:06","endTime":"2021-03-08 17:18:06","dateLength":0}
2021-03-08 17:18:15[httpLog]{"method":"GET","url":"/user","data":{},"startTime":"2021-03-08 17:18:14","endTime":"2021-03-08 17:18:15","dateLength":6}
2021-03-08 17:18:35[httpLog]{"method":"GET","url":"/user","data":{},"startTime":"2021-03-08 17:18:35","endTime":"2021-03-08 17:18:35","dateLength":8}
2021-03-08 17:18:36[httpLog]{"method":"GET","url":"/user","data":{},"startTime":"2021-03-08 17:18:36","endTime":"2021-03-08 17:18:36","dateLength":2}
2021-03-08 17:18:37[httpLog]{"method":"GET","url":"/user","data":{},"startTime":"2021-03-08 17:18:37","endTime":"2021-03-08 17:18:37","dateLength":1}
2021-03-08 17:18:37[httpLog]{"method":"GET","url":"/user","data":{},"startTime":"2021-03-08 17:18:37","endTime":"2021-03-08 17:18:37","dateLength":2}
2021-03-08 17:18:37[httpLog]{"method":"GET","url":"/user","data":{},"startTime":"2021-03-08 17:18:37","endTime":"2021-03-08 17:18:37","dateLength":1}
2021-03-08 17:18:38[httpLog]{"method":"GET","url":"/user","data":{},"startTime":"2021-03-08 17:18:38","endTime":"2021-03-08 17:18:38","dateLength":1}
2021-03-08 17:18:38[httpLog]{"method":"GET","url":"/user","data":{},"startTime":"2021-03-08 17:18:38","endTime":"2021-03-08 17:18:38","dateLength":2}
2021-03-08 17:18:39[httpLog]{"method":"GET","url":"/user","data":{},"startTime":"2021-03-08 17:18:39","endTime":"2021-03-08 17:18:39","dateLength":2}
2021-03-08 17:18:39[httpLog]{"method":"GET","url":"/user","data":{},"startTime":"2021-03-08 17:18:39","endTime":"2021-03-08 17:18:39","dateLength":1}
2021-03-08 17:18:39[httpLog]{"method":"GET","url":"/user","data":{},"startTime":"2021-03-08 17:18:39","endTime":"2021-03-08 17:18:39","dateLength":1}
2021-03-08 17:23:56[httpLog]{"method":"GET","url":"/user","data":{},"startTime":"2021-03-08 17:23:56","endTime":"2021-03-08 17:23:56","dateLength":8}
2021-03-08 17:25:47[httpLog]{"method":"GET","url":"/user","data":{},"startTime":"2021-03-08 17:25:47","endTime":"2021-03-08 17:25:47","dateLength":8}
2021-03-08 18:03:49[httpLog]{"method":"GET","url":"/home","data":{},"startTime":"2021-03-08 18:03:49","endTime":"2021-03-08 18:03:49","dateLength":1}
2021-03-08 18:04:05[httpLog]{"method":"GET","url":"/user","data":{},"startTime":"2021-03-08 18:04:05","endTime":"2021-03-08 18:04:05","dateLength":8}
2021-03-08 18:09:41[httpLog]{"method":"GET","url":"/user","data":{},"startTime":"2021-03-08 18:09:41","endTime":"2021-03-08 18:09:41","dateLength":9}
2021-03-08 18:09:51[httpLog]{"method":"GET","url":"/user","data":{},"startTime":"2021-03-08 18:09:51","endTime":"2021-03-08 18:09:51","dateLength":6}
2021-03-08 18:15:40[httpLog]{"method":"GET","url":"/user/lists","data":{},"startTime":"2021-03-08 18:15:40","endTime":"2021-03-08 18:15:40","dateLength":10}
2021-03-08 18:15:41[httpLog]{"method":"GET","url":"/user/lists","data":{},"startTime":"2021-03-08 18:15:41","endTime":"2021-03-08 18:15:41","dateLength":5}
2021-03-08 18:15:42[httpLog]{"method":"GET","url":"/user/lists","data":{},"startTime":"2021-03-08 18:15:42","endTime":"2021-03-08 18:15:42","dateLength":3}
2021-03-08 18:17:48[httpLog]{"method":"GET","url":"/user/lists","data":{},"startTime":"2021-03-08 18:17:48","endTime":"2021-03-08 18:17:48","dateLength":4}
2021-03-08 18:17:50[httpLog]{"method":"GET","url":"/user/lists","data":{},"startTime":"2021-03-08 18:17:50","endTime":"2021-03-08 18:17:50","dateLength":3}
2021-03-08 18:25:06[httpLog]{"method":"GET","url":"/user/lists","data":{},"startTime":"2021-03-08 18:25:06","endTime":"2021-03-08 18:25:06","dateLength":8}
2021-03-08 18:33:03[httpLog]{"method":"GET","url":"/user/details/1","data":{},"startTime":"2021-03-08 18:33:03","endTime":"2021-03-08 18:33:03","dateLength":1}
2021-03-08 18:33:12[httpLog]{"method":"GET","url":"/user/detail2/1","data":{},"startTime":"2021-03-08 18:33:12","endTime":"2021-03-08 18:33:12","dateLength":11}
2021-03-08 18:33:16[httpLog]{"method":"GET","url":"/user/detail2","data":{},"startTime":"2021-03-08 18:33:16","endTime":"2021-03-08 18:33:16","dateLength":1}
2021-03-08 18:33:29[httpLog]{"method":"GET","url":"/user/detail2/1","data":{},"startTime":"2021-03-08 18:33:29","endTime":"2021-03-08 18:33:29","dateLength":2}
2021-03-08 18:33:31[httpLog]{"method":"GET","url":"/user/detail2","data":{},"startTime":"2021-03-08 18:33:31","endTime":"2021-03-08 18:33:31","dateLength":1}
2021-03-08 18:39:58[httpLog]{"method":"POST","url":"/user/add","data":{"name":"yukiice","pwd":"123456"},"startTime":"2021-03-08 18:39:58","endTime":"2021-03-08 18:39:58","dateLength":12}
2021-03-08 18:40:36[httpLog]{"method":"GET","url":"/user/lists","data":{},"startTime":"2021-03-08 18:40:36","endTime":"2021-03-08 18:40:36","dateLength":3}
2021-03-08 18:40:41[httpLog]{"method":"GET","url":"/user/lists","data":{},"startTime":"2021-03-08 18:40:41","endTime":"2021-03-08 18:40:41","dateLength":2}
2021-03-08 18:40:44[httpLog]{"method":"GET","url":"/user","data":{},"startTime":"2021-03-08 18:40:44","endTime":"2021-03-08 18:40:44","dateLength":7}
2021-03-08 18:40:49[httpLog]{"method":"GET","url":"/user/lists","data":{},"startTime":"2021-03-08 18:40:49","endTime":"2021-03-08 18:40:49","dateLength":2}
2021-03-08 18:41:46[httpLog]{"method":"POST","url":"/user/add","data":{"name":"yukiice1111","pwd":"12345622222"},"startTime":"2021-03-08 18:41:46","endTime":"2021-03-08 18:41:46","dateLength":10}
2021-03-08 18:46:05[httpLog]{"method":"POST","url":"/user/add","data":{"name":"yukiice1111","pwd":"12345622222"},"startTime":"2021-03-08 18:46:05","endTime":"2021-03-08 18:46:05","dateLength":11}
2021-03-08 19:31:13[httpLog]{"method":"GET","url":"/use/lists","data":{},"startTime":"2021-03-08 19:31:13","endTime":"2021-03-08 19:31:13","dateLength":2}
2021-03-08 19:31:15[httpLog]{"method":"GET","url":"/use/lists","data":{},"startTime":"2021-03-08 19:31:15","endTime":"2021-03-08 19:31:15","dateLength":1}
